<?xml version="1.0" encoding="UTF-8"?>
<!-- Generated by org.testng.reporters.JUnitXMLReporter -->
<testsuite ignored="1" hostname="DESKTOP-QFPEJP1" failures="1" tests="21" name="Test" time="23.419" errors="0" timestamp="2022-08-13T18:33:52 IST">
  <testcase classname="Testng.test_D_3" name="@AfterMethod tearDown" time="0.002">
    <failure type="java.lang.NullPointerException" message="Cannot invoke &amp;quot;org.openqa.selenium.WebDriver.close()&amp;quot; because &amp;quot;this.driver&amp;quot; is null">
      <![CDATA[java.lang.NullPointerException: Cannot invoke "org.openqa.selenium.WebDriver.close()" because "this.driver" is null
at Testng.test_D_3.tearDown(test_D_3.java:50)
at java.base/java.util.ArrayList.forEach(ArrayList.java:1511)
... Removed 30 stack frames]]>
    </failure>
  </testcase> <!-- @AfterMethod tearDown -->
  <testcase classname="Testng.test_D_3" name="@BeforeMethod Setup" time="-1.6603958326E9">
    <skipped/>
  </testcase> <!-- @BeforeMethod Setup -->
  <testcase classname="Testng.test_D_3" name="@AfterMethod tearDown" time="-1.660395832614E9">
    <skipped/>
  </testcase> <!-- @AfterMethod tearDown -->
  <testcase classname="Testng.test_D_3" name="@BeforeMethod Setup" time="-1.660395832616E9">
    <skipped/>
  </testcase> <!-- @BeforeMethod Setup -->
  <testcase classname="Testng.test_D_3" name="@AfterMethod tearDown" time="-1.660395832624E9">
    <skipped/>
  </testcase> <!-- @AfterMethod tearDown -->
  <testcase classname="Testng.test_D_3" name="@BeforeMethod Setup" time="-1.660395832626E9">
    <skipped/>
  </testcase> <!-- @BeforeMethod Setup -->
  <testcase classname="Testng.test_D_3" name="@AfterMethod tearDown" time="-1.660395832635E9">
    <skipped/>
  </testcase> <!-- @AfterMethod tearDown -->
  <testcase classname="Testng.Test_a" name="A" time="0.019"/>
  <testcase classname="Testng.Test_a" name="D" time="0.003"/>
  <testcase classname="Testng.Test_a" name="B" time="0.003"/>
  <testcase classname="Testng.Test_a" name="C" time="0.003"/>
  <testcase classname="Testng.Test_b" name="A" time="0.003"/>
  <testcase classname="Testng.Test_b" name="B" time="0.002"/>
  <testcase classname="Testng.Test_b" name="C" time="0.002"/>
  <testcase classname="Testng.Test_b" name="D" time="0.004"/>
  <testcase classname="Testng.Test_c" name="A" time="0.008">
    <failure type="java.lang.AssertionError" message="expected [true] but found [false]">
      <![CDATA[java.lang.AssertionError: expected [true] but found [false]
at Testng.Test_c.A(Test_c.java:11)
at java.base/java.util.ArrayList.forEach(ArrayList.java:1511)
... Removed 29 stack frames]]>
    </failure>
  </testcase> <!-- A -->
  <testcase classname="Testng.Test_c" name="B" time="0.0">
    <skipped/>
  </testcase> <!-- B -->
  <testcase classname="Testng.Test_c" name="C" time="0.002"/>
  <testcase classname="Testng.Test_c" name="D" time="0.002"/>
  <testcase classname="Testng.Test_d" name="A" time="0.003"/>
  <testcase classname="Testng.Test_d" name="B" time="0.004"/>
  <testcase classname="Testng.Test_d" name="B" time="0.002"/>
  <testcase classname="Testng.Test_d" name="B" time="0.002"/>
  <testcase classname="Testng.Test_d" name="C" time="0.003"/>
  <testcase classname="Testng.test_D_3" name="test1" time="0.002"/>
  <testcase classname="Testng.test_D_3" name="test2" time="0.0">
    <skipped/>
  </testcase> <!-- test2 -->
  <testcase classname="Testng.test_D_3" name="test3" time="0.0">
    <skipped/>
  </testcase> <!-- test3 -->
  <testcase classname="Testng.test_D_3" name="test4" time="0.0">
    <skipped/>
  </testcase> <!-- test4 -->
  <testcase classname="Testng.Test_d" name="D" time="0.0">
    <ignored/>
  </testcase> <!-- D -->
</testsuite> <!-- Test -->
